Terminals which are not used

   ABSOLUTE


State 6 conflicts: 2 shift/reduce
State 40 conflicts: 1 reduce/reduce
State 103 conflicts: 13 shift/reduce
State 104 conflicts: 13 shift/reduce
State 130 conflicts: 13 shift/reduce
State 131 conflicts: 13 shift/reduce
State 132 conflicts: 13 shift/reduce
State 133 conflicts: 13 shift/reduce
State 134 conflicts: 13 shift/reduce
State 135 conflicts: 13 shift/reduce
State 136 conflicts: 13 shift/reduce
State 137 conflicts: 13 shift/reduce
State 138 conflicts: 13 shift/reduce
State 139 conflicts: 13 shift/reduce
State 140 conflicts: 13 shift/reduce
State 141 conflicts: 13 shift/reduce
State 142 conflicts: 13 shift/reduce


Grammar

    0 $accept: program_declaration $end

    1 program_declaration: CLASS PROGRAM CURLY_OPEN field_declarations method_declarations CURLY_CLOSE

    2 var_type: INT
    3         | BOOLEAN

    4 field_declarations: /* empty */
    5                   | field_declarations field_declaration SEMI_COLON

    6 field_declaration: var_type field_names

    7 field_names: field_name
    8            | field_names COMMA field_name

    9 field_name: ID
   10           | ID SQUARE_OPEN int_literal SQUARE_CLOSE

   11 method_declarations: /* empty */
   12                    | method_declarations method_declaration

   13 method_declaration: VOID ID OPEN parameter_declarations CLOSE code_block
   14                   | var_type ID OPEN parameter_declarations CLOSE code_block

   15 parameter_declarations: /* empty */
   16                       | non_empty_parameter_declaration

   17 non_empty_parameter_declaration: parameter_declaration
   18                                | non_empty_parameter_declaration COMMA parameter_declaration

   19 parameter_declaration: var_type ID

   20 code_block: CURLY_OPEN block CURLY_CLOSE

   21 block: /* empty */
   22      | var_declarations statements

   23 var_declarations: /* empty */
   24                 | var_declarations var_declaration SEMI_COLON

   25 var_declaration: var_type var_names

   26 var_names: ID
   27          | var_names COMMA ID

   28 statements: /* empty */
   29           | statements statement

   30 statement: assign_statement
   31          | method_call_statment
   32          | if_statement
   33          | for_statement
   34          | return_statement
   35          | terminal_statement

   36 assign_statement: location assign_op expr SEMI_COLON

   37 location: ID
   38         | ID SQUARE_OPEN expr SQUARE_CLOSE

   39 if_statement: IF OPEN expr CLOSE code_block else_statement

   40 else_statement: /* empty */
   41               | ELSE code_block

   42 for_statement: FOR ID EQUAL expr COMMA expr code_block

   43 return_statement: RETURN return_value SEMI_COLON

   44 return_value: /* empty */
   45             | expr

   46 terminal_statement: BREAK SEMI_COLON
   47                   | CONTINUE SEMI_COLON

   48 method_call_statment: method_call SEMI_COLON

   49 method_call: normal_call
   50            | callout_call

   51 normal_call: ID OPEN method_call_args CLOSE

   52 method_call_args: /* empty */
   53                 | non_empty_method_call_args

   54 non_empty_method_call_args: expr
   55                           | non_empty_method_call_args COMMA expr

   56 callout_call: CALLOUT OPEN string_literal CLOSE
   57             | CALLOUT OPEN string_literal COMMA non_empty_callout_args CLOSE

   58 non_empty_callout_args: callout_arg
   59                       | non_empty_callout_args COMMA callout_arg

   60 callout_arg: expr
   61            | string_literal

   62 expr: location
   63     | method_call
   64     | char_literal
   65     | int_literal
   66     | bool_literal
   67     | binary_expr
   68     | unary_expr
   69     | enclosed_expr

   70 binary_expr: expr ADD expr
   71            | expr SUBTRACT expr
   72            | expr MULTIPLY expr
   73            | expr DIVIDE expr
   74            | expr MODULO expr
   75            | expr GREATER expr
   76            | expr LESS expr
   77            | expr GREATER_EQUAL expr
   78            | expr LESS_EQUAL expr
   79            | expr EQUALITY expr
   80            | expr NOT_EQUAL expr
   81            | expr CONDITIONAL_AND expr
   82            | expr CONDITIONAL_OR expr

   83 enclosed_expr: OPEN expr CLOSE

   84 unary_expr: SUBTRACT expr
   85           | NOT expr

   86 assign_op: EQUAL
   87          | PLUS_EQUAL
   88          | MINUS_EQUAL

   89 char_literal: CHAR_LITERAL

   90 int_literal: NUM
   91            | HEX_LITERAL

   92 bool_literal: TRUE
   93             | FALSE

   94 string_literal: STRING


Terminals, with rules where they appear

$end (0) 0
error (256)
PROGRAM (258) 1
CLASS (259) 1
CALLOUT (260) 56 57
VOID (261) 13
INT (262) 2
BOOLEAN (263) 3
TRUE (264) 92
FALSE (265) 93
BREAK (266) 46
CONTINUE (267) 47
RETURN (268) 43
FOR (269) 42
IF (270) 39
ELSE (271) 41
NUM (272) 90
HEX_LITERAL (273) 91
CHAR_LITERAL (274) 89
STRING (275) 94
ID (276) 9 10 13 14 19 26 27 37 38 42 51
ADD (277) 70
SUBTRACT (278) 71 84
MULTIPLY (279) 72
DIVIDE (280) 73
EQUAL (281) 42 86
PLUS_EQUAL (282) 87
MINUS_EQUAL (283) 88
EQUALITY (284) 79
NOT_EQUAL (285) 80
GREATER_EQUAL (286) 77
LESS_EQUAL (287) 78
GREATER (288) 75
LESS (289) 76
CONDITIONAL_AND (290) 81
CONDITIONAL_OR (291) 82
NOT (292) 85
ABSOLUTE (293)
MODULO (294) 74
CURLY_OPEN (295) 1 20
CURLY_CLOSE (296) 1 20
SQUARE_OPEN (297) 10 38
SQUARE_CLOSE (298) 10 38
OPEN (299) 13 14 39 51 56 57 83
CLOSE (300) 13 14 39 51 56 57 83
SEMI_COLON (301) 5 24 36 43 46 47 48
COMMA (302) 8 18 27 42 55 57 59


Nonterminals, with rules where they appear

$accept (48)
    on left: 0
program_declaration (49)
    on left: 1, on right: 0
var_type (50)
    on left: 2 3, on right: 6 14 19 25
field_declarations (51)
    on left: 4 5, on right: 1 5
field_declaration (52)
    on left: 6, on right: 5
field_names (53)
    on left: 7 8, on right: 6 8
field_name (54)
    on left: 9 10, on right: 7 8
method_declarations (55)
    on left: 11 12, on right: 1 12
method_declaration (56)
    on left: 13 14, on right: 12
parameter_declarations (57)
    on left: 15 16, on right: 13 14
non_empty_parameter_declaration (58)
    on left: 17 18, on right: 16 18
parameter_declaration (59)
    on left: 19, on right: 17 18
code_block (60)
    on left: 20, on right: 13 14 39 41 42
block (61)
    on left: 21 22, on right: 20
var_declarations (62)
    on left: 23 24, on right: 22 24
var_declaration (63)
    on left: 25, on right: 24
var_names (64)
    on left: 26 27, on right: 25 27
statements (65)
    on left: 28 29, on right: 22 29
statement (66)
    on left: 30 31 32 33 34 35, on right: 29
assign_statement (67)
    on left: 36, on right: 30
location (68)
    on left: 37 38, on right: 36 62
if_statement (69)
    on left: 39, on right: 32
else_statement (70)
    on left: 40 41, on right: 39
for_statement (71)
    on left: 42, on right: 33
return_statement (72)
    on left: 43, on right: 34
return_value (73)
    on left: 44 45, on right: 43
terminal_statement (74)
    on left: 46 47, on right: 35
method_call_statment (75)
    on left: 48, on right: 31
method_call (76)
    on left: 49 50, on right: 48 63
normal_call (77)
    on left: 51, on right: 49
method_call_args (78)
    on left: 52 53, on right: 51
non_empty_method_call_args (79)
    on left: 54 55, on right: 53 55
callout_call (80)
    on left: 56 57, on right: 50
non_empty_callout_args (81)
    on left: 58 59, on right: 57 59
callout_arg (82)
    on left: 60 61, on right: 58 59
expr (83)
    on left: 62 63 64 65 66 67 68 69, on right: 36 38 39 42 45 54 55
    60 70 71 72 73 74 75 76 77 78 79 80 81 82 83 84 85
binary_expr (84)
    on left: 70 71 72 73 74 75 76 77 78 79 80 81 82,
    on right: 67
enclosed_expr (85)
    on left: 83, on right: 69
unary_expr (86)
    on left: 84 85, on right: 68
assign_op (87)
    on left: 86 87 88, on right: 36
char_literal (88)
    on left: 89, on right: 64
int_literal (89)
    on left: 90 91, on right: 10 65
bool_literal (90)
    on left: 92 93, on right: 66
string_literal (91)
    on left: 94, on right: 56 57 61


state 0

    0 $accept: . program_declaration $end

    CLASS  shift, and go to state 1

    program_declaration  go to state 2


state 1

    1 program_declaration: CLASS . PROGRAM CURLY_OPEN field_declarations method_declarations CURLY_CLOSE

    PROGRAM  shift, and go to state 3


state 2

    0 $accept: program_declaration . $end

    $end  shift, and go to state 4


state 3

    1 program_declaration: CLASS PROGRAM . CURLY_OPEN field_declarations method_declarations CURLY_CLOSE

    CURLY_OPEN  shift, and go to state 5


state 4

    0 $accept: program_declaration $end .

    $default  accept


state 5

    1 program_declaration: CLASS PROGRAM CURLY_OPEN . field_declarations method_declarations CURLY_CLOSE

    $default  reduce using rule 4 (field_declarations)

    field_declarations  go to state 6


state 6

    1 program_declaration: CLASS PROGRAM CURLY_OPEN field_declarations . method_declarations CURLY_CLOSE
    5 field_declarations: field_declarations . field_declaration SEMI_COLON

    INT      shift, and go to state 7
    BOOLEAN  shift, and go to state 8

    INT       [reduce using rule 11 (method_declarations)]
    BOOLEAN   [reduce using rule 11 (method_declarations)]
    $default  reduce using rule 11 (method_declarations)

    var_type             go to state 9
    field_declaration    go to state 10
    method_declarations  go to state 11


state 7

    2 var_type: INT .

    $default  reduce using rule 2 (var_type)


state 8

    3 var_type: BOOLEAN .

    $default  reduce using rule 3 (var_type)


state 9

    6 field_declaration: var_type . field_names

    ID  shift, and go to state 12

    field_names  go to state 13
    field_name   go to state 14


state 10

    5 field_declarations: field_declarations field_declaration . SEMI_COLON

    SEMI_COLON  shift, and go to state 15


state 11

    1 program_declaration: CLASS PROGRAM CURLY_OPEN field_declarations method_declarations . CURLY_CLOSE
   12 method_declarations: method_declarations . method_declaration

    VOID         shift, and go to state 16
    INT          shift, and go to state 7
    BOOLEAN      shift, and go to state 8
    CURLY_CLOSE  shift, and go to state 17

    var_type            go to state 18
    method_declaration  go to state 19


state 12

    9 field_name: ID .
   10           | ID . SQUARE_OPEN int_literal SQUARE_CLOSE

    SQUARE_OPEN  shift, and go to state 20

    $default  reduce using rule 9 (field_name)


state 13

    6 field_declaration: var_type field_names .
    8 field_names: field_names . COMMA field_name

    COMMA  shift, and go to state 21

    $default  reduce using rule 6 (field_declaration)


state 14

    7 field_names: field_name .

    $default  reduce using rule 7 (field_names)


state 15

    5 field_declarations: field_declarations field_declaration SEMI_COLON .

    $default  reduce using rule 5 (field_declarations)


state 16

   13 method_declaration: VOID . ID OPEN parameter_declarations CLOSE code_block

    ID  shift, and go to state 22


state 17

    1 program_declaration: CLASS PROGRAM CURLY_OPEN field_declarations method_declarations CURLY_CLOSE .

    $default  reduce using rule 1 (program_declaration)


state 18

   14 method_declaration: var_type . ID OPEN parameter_declarations CLOSE code_block

    ID  shift, and go to state 23


state 19

   12 method_declarations: method_declarations method_declaration .

    $default  reduce using rule 12 (method_declarations)


state 20

   10 field_name: ID SQUARE_OPEN . int_literal SQUARE_CLOSE

    NUM          shift, and go to state 24
    HEX_LITERAL  shift, and go to state 25

    int_literal  go to state 26


state 21

    8 field_names: field_names COMMA . field_name

    ID  shift, and go to state 12

    field_name  go to state 27


state 22

   13 method_declaration: VOID ID . OPEN parameter_declarations CLOSE code_block

    OPEN  shift, and go to state 28


state 23

   14 method_declaration: var_type ID . OPEN parameter_declarations CLOSE code_block

    OPEN  shift, and go to state 29


state 24

   90 int_literal: NUM .

    $default  reduce using rule 90 (int_literal)


state 25

   91 int_literal: HEX_LITERAL .

    $default  reduce using rule 91 (int_literal)


state 26

   10 field_name: ID SQUARE_OPEN int_literal . SQUARE_CLOSE

    SQUARE_CLOSE  shift, and go to state 30


state 27

    8 field_names: field_names COMMA field_name .

    $default  reduce using rule 8 (field_names)


state 28

   13 method_declaration: VOID ID OPEN . parameter_declarations CLOSE code_block

    INT      shift, and go to state 7
    BOOLEAN  shift, and go to state 8

    $default  reduce using rule 15 (parameter_declarations)

    var_type                         go to state 31
    parameter_declarations           go to state 32
    non_empty_parameter_declaration  go to state 33
    parameter_declaration            go to state 34


state 29

   14 method_declaration: var_type ID OPEN . parameter_declarations CLOSE code_block

    INT      shift, and go to state 7
    BOOLEAN  shift, and go to state 8

    $default  reduce using rule 15 (parameter_declarations)

    var_type                         go to state 31
    parameter_declarations           go to state 35
    non_empty_parameter_declaration  go to state 33
    parameter_declaration            go to state 34


state 30

   10 field_name: ID SQUARE_OPEN int_literal SQUARE_CLOSE .

    $default  reduce using rule 10 (field_name)


state 31

   19 parameter_declaration: var_type . ID

    ID  shift, and go to state 36


state 32

   13 method_declaration: VOID ID OPEN parameter_declarations . CLOSE code_block

    CLOSE  shift, and go to state 37


state 33

   16 parameter_declarations: non_empty_parameter_declaration .
   18 non_empty_parameter_declaration: non_empty_parameter_declaration . COMMA parameter_declaration

    COMMA  shift, and go to state 38

    $default  reduce using rule 16 (parameter_declarations)


state 34

   17 non_empty_parameter_declaration: parameter_declaration .

    $default  reduce using rule 17 (non_empty_parameter_declaration)


state 35

   14 method_declaration: var_type ID OPEN parameter_declarations . CLOSE code_block

    CLOSE  shift, and go to state 39


state 36

   19 parameter_declaration: var_type ID .

    $default  reduce using rule 19 (parameter_declaration)


state 37

   13 method_declaration: VOID ID OPEN parameter_declarations CLOSE . code_block

    CURLY_OPEN  shift, and go to state 40

    code_block  go to state 41


state 38

   18 non_empty_parameter_declaration: non_empty_parameter_declaration COMMA . parameter_declaration

    INT      shift, and go to state 7
    BOOLEAN  shift, and go to state 8

    var_type               go to state 31
    parameter_declaration  go to state 42


state 39

   14 method_declaration: var_type ID OPEN parameter_declarations CLOSE . code_block

    CURLY_OPEN  shift, and go to state 40

    code_block  go to state 43


state 40

   20 code_block: CURLY_OPEN . block CURLY_CLOSE

    CURLY_CLOSE  reduce using rule 21 (block)
    CURLY_CLOSE  [reduce using rule 23 (var_declarations)]
    $default     reduce using rule 23 (var_declarations)

    block             go to state 44
    var_declarations  go to state 45


state 41

   13 method_declaration: VOID ID OPEN parameter_declarations CLOSE code_block .

    $default  reduce using rule 13 (method_declaration)


state 42

   18 non_empty_parameter_declaration: non_empty_parameter_declaration COMMA parameter_declaration .

    $default  reduce using rule 18 (non_empty_parameter_declaration)


state 43

   14 method_declaration: var_type ID OPEN parameter_declarations CLOSE code_block .

    $default  reduce using rule 14 (method_declaration)


state 44

   20 code_block: CURLY_OPEN block . CURLY_CLOSE

    CURLY_CLOSE  shift, and go to state 46


state 45

   22 block: var_declarations . statements
   24 var_declarations: var_declarations . var_declaration SEMI_COLON

    INT      shift, and go to state 7
    BOOLEAN  shift, and go to state 8

    $default  reduce using rule 28 (statements)

    var_type         go to state 47
    var_declaration  go to state 48
    statements       go to state 49


state 46

   20 code_block: CURLY_OPEN block CURLY_CLOSE .

    $default  reduce using rule 20 (code_block)


state 47

   25 var_declaration: var_type . var_names

    ID  shift, and go to state 50

    var_names  go to state 51


state 48

   24 var_declarations: var_declarations var_declaration . SEMI_COLON

    SEMI_COLON  shift, and go to state 52


state 49

   22 block: var_declarations statements .
   29 statements: statements . statement

    CALLOUT   shift, and go to state 53
    BREAK     shift, and go to state 54
    CONTINUE  shift, and go to state 55
    RETURN    shift, and go to state 56
    FOR       shift, and go to state 57
    IF        shift, and go to state 58
    ID        shift, and go to state 59

    $default  reduce using rule 22 (block)

    statement             go to state 60
    assign_statement      go to state 61
    location              go to state 62
    if_statement          go to state 63
    for_statement         go to state 64
    return_statement      go to state 65
    terminal_statement    go to state 66
    method_call_statment  go to state 67
    method_call           go to state 68
    normal_call           go to state 69
    callout_call          go to state 70


state 50

   26 var_names: ID .

    $default  reduce using rule 26 (var_names)


state 51

   25 var_declaration: var_type var_names .
   27 var_names: var_names . COMMA ID

    COMMA  shift, and go to state 71

    $default  reduce using rule 25 (var_declaration)


state 52

   24 var_declarations: var_declarations var_declaration SEMI_COLON .

    $default  reduce using rule 24 (var_declarations)


state 53

   56 callout_call: CALLOUT . OPEN string_literal CLOSE
   57             | CALLOUT . OPEN string_literal COMMA non_empty_callout_args CLOSE

    OPEN  shift, and go to state 72


state 54

   46 terminal_statement: BREAK . SEMI_COLON

    SEMI_COLON  shift, and go to state 73


state 55

   47 terminal_statement: CONTINUE . SEMI_COLON

    SEMI_COLON  shift, and go to state 74


state 56

   43 return_statement: RETURN . return_value SEMI_COLON

    CALLOUT       shift, and go to state 53
    TRUE          shift, and go to state 75
    FALSE         shift, and go to state 76
    NUM           shift, and go to state 24
    HEX_LITERAL   shift, and go to state 25
    CHAR_LITERAL  shift, and go to state 77
    ID            shift, and go to state 59
    SUBTRACT      shift, and go to state 78
    NOT           shift, and go to state 79
    OPEN          shift, and go to state 80

    $default  reduce using rule 44 (return_value)

    location       go to state 81
    return_value   go to state 82
    method_call    go to state 83
    normal_call    go to state 69
    callout_call   go to state 70
    expr           go to state 84
    binary_expr    go to state 85
    enclosed_expr  go to state 86
    unary_expr     go to state 87
    char_literal   go to state 88
    int_literal    go to state 89
    bool_literal   go to state 90


state 57

   42 for_statement: FOR . ID EQUAL expr COMMA expr code_block

    ID  shift, and go to state 91


state 58

   39 if_statement: IF . OPEN expr CLOSE code_block else_statement

    OPEN  shift, and go to state 92


state 59

   37 location: ID .
   38         | ID . SQUARE_OPEN expr SQUARE_CLOSE
   51 normal_call: ID . OPEN method_call_args CLOSE

    SQUARE_OPEN  shift, and go to state 93
    OPEN         shift, and go to state 94

    $default  reduce using rule 37 (location)


state 60

   29 statements: statements statement .

    $default  reduce using rule 29 (statements)


state 61

   30 statement: assign_statement .

    $default  reduce using rule 30 (statement)


state 62

   36 assign_statement: location . assign_op expr SEMI_COLON

    EQUAL        shift, and go to state 95
    PLUS_EQUAL   shift, and go to state 96
    MINUS_EQUAL  shift, and go to state 97

    assign_op  go to state 98


state 63

   32 statement: if_statement .

    $default  reduce using rule 32 (statement)


state 64

   33 statement: for_statement .

    $default  reduce using rule 33 (statement)


state 65

   34 statement: return_statement .

    $default  reduce using rule 34 (statement)


state 66

   35 statement: terminal_statement .

    $default  reduce using rule 35 (statement)


state 67

   31 statement: method_call_statment .

    $default  reduce using rule 31 (statement)


state 68

   48 method_call_statment: method_call . SEMI_COLON

    SEMI_COLON  shift, and go to state 99


state 69

   49 method_call: normal_call .

    $default  reduce using rule 49 (method_call)


state 70

   50 method_call: callout_call .

    $default  reduce using rule 50 (method_call)


state 71

   27 var_names: var_names COMMA . ID

    ID  shift, and go to state 100


state 72

   56 callout_call: CALLOUT OPEN . string_literal CLOSE
   57             | CALLOUT OPEN . string_literal COMMA non_empty_callout_args CLOSE

    STRING  shift, and go to state 101

    string_literal  go to state 102


state 73

   46 terminal_statement: BREAK SEMI_COLON .

    $default  reduce using rule 46 (terminal_statement)


state 74

   47 terminal_statement: CONTINUE SEMI_COLON .

    $default  reduce using rule 47 (terminal_statement)


state 75

   92 bool_literal: TRUE .

    $default  reduce using rule 92 (bool_literal)


state 76

   93 bool_literal: FALSE .

    $default  reduce using rule 93 (bool_literal)


state 77

   89 char_literal: CHAR_LITERAL .

    $default  reduce using rule 89 (char_literal)


state 78

   84 unary_expr: SUBTRACT . expr

    CALLOUT       shift, and go to state 53
    TRUE          shift, and go to state 75
    FALSE         shift, and go to state 76
    NUM           shift, and go to state 24
    HEX_LITERAL   shift, and go to state 25
    CHAR_LITERAL  shift, and go to state 77
    ID            shift, and go to state 59
    SUBTRACT      shift, and go to state 78
    NOT           shift, and go to state 79
    OPEN          shift, and go to state 80

    location       go to state 81
    method_call    go to state 83
    normal_call    go to state 69
    callout_call   go to state 70
    expr           go to state 103
    binary_expr    go to state 85
    enclosed_expr  go to state 86
    unary_expr     go to state 87
    char_literal   go to state 88
    int_literal    go to state 89
    bool_literal   go to state 90


state 79

   85 unary_expr: NOT . expr

    CALLOUT       shift, and go to state 53
    TRUE          shift, and go to state 75
    FALSE         shift, and go to state 76
    NUM           shift, and go to state 24
    HEX_LITERAL   shift, and go to state 25
    CHAR_LITERAL  shift, and go to state 77
    ID            shift, and go to state 59
    SUBTRACT      shift, and go to state 78
    NOT           shift, and go to state 79
    OPEN          shift, and go to state 80

    location       go to state 81
    method_call    go to state 83
    normal_call    go to state 69
    callout_call   go to state 70
    expr           go to state 104
    binary_expr    go to state 85
    enclosed_expr  go to state 86
    unary_expr     go to state 87
    char_literal   go to state 88
    int_literal    go to state 89
    bool_literal   go to state 90


state 80

   83 enclosed_expr: OPEN . expr CLOSE

    CALLOUT       shift, and go to state 53
    TRUE          shift, and go to state 75
    FALSE         shift, and go to state 76
    NUM           shift, and go to state 24
    HEX_LITERAL   shift, and go to state 25
    CHAR_LITERAL  shift, and go to state 77
    ID            shift, and go to state 59
    SUBTRACT      shift, and go to state 78
    NOT           shift, and go to state 79
    OPEN          shift, and go to state 80

    location       go to state 81
    method_call    go to state 83
    normal_call    go to state 69
    callout_call   go to state 70
    expr           go to state 105
    binary_expr    go to state 85
    enclosed_expr  go to state 86
    unary_expr     go to state 87
    char_literal   go to state 88
    int_literal    go to state 89
    bool_literal   go to state 90


state 81

   62 expr: location .

    $default  reduce using rule 62 (expr)


state 82

   43 return_statement: RETURN return_value . SEMI_COLON

    SEMI_COLON  shift, and go to state 106


state 83

   63 expr: method_call .

    $default  reduce using rule 63 (expr)


state 84

   45 return_value: expr .
   70 binary_expr: expr . ADD expr
   71            | expr . SUBTRACT expr
   72            | expr . MULTIPLY expr
   73            | expr . DIVIDE expr
   74            | expr . MODULO expr
   75            | expr . GREATER expr
   76            | expr . LESS expr
   77            | expr . GREATER_EQUAL expr
   78            | expr . LESS_EQUAL expr
   79            | expr . EQUALITY expr
   80            | expr . NOT_EQUAL expr
   81            | expr . CONDITIONAL_AND expr
   82            | expr . CONDITIONAL_OR expr

    ADD              shift, and go to state 107
    SUBTRACT         shift, and go to state 108
    MULTIPLY         shift, and go to state 109
    DIVIDE           shift, and go to state 110
    EQUALITY         shift, and go to state 111
    NOT_EQUAL        shift, and go to state 112
    GREATER_EQUAL    shift, and go to state 113
    LESS_EQUAL       shift, and go to state 114
    GREATER          shift, and go to state 115
    LESS             shift, and go to state 116
    CONDITIONAL_AND  shift, and go to state 117
    CONDITIONAL_OR   shift, and go to state 118
    MODULO           shift, and go to state 119

    $default  reduce using rule 45 (return_value)


state 85

   67 expr: binary_expr .

    $default  reduce using rule 67 (expr)


state 86

   69 expr: enclosed_expr .

    $default  reduce using rule 69 (expr)


state 87

   68 expr: unary_expr .

    $default  reduce using rule 68 (expr)


state 88

   64 expr: char_literal .

    $default  reduce using rule 64 (expr)


state 89

   65 expr: int_literal .

    $default  reduce using rule 65 (expr)


state 90

   66 expr: bool_literal .

    $default  reduce using rule 66 (expr)


state 91

   42 for_statement: FOR ID . EQUAL expr COMMA expr code_block

    EQUAL  shift, and go to state 120


state 92

   39 if_statement: IF OPEN . expr CLOSE code_block else_statement

    CALLOUT       shift, and go to state 53
    TRUE          shift, and go to state 75
    FALSE         shift, and go to state 76
    NUM           shift, and go to state 24
    HEX_LITERAL   shift, and go to state 25
    CHAR_LITERAL  shift, and go to state 77
    ID            shift, and go to state 59
    SUBTRACT      shift, and go to state 78
    NOT           shift, and go to state 79
    OPEN          shift, and go to state 80

    location       go to state 81
    method_call    go to state 83
    normal_call    go to state 69
    callout_call   go to state 70
    expr           go to state 121
    binary_expr    go to state 85
    enclosed_expr  go to state 86
    unary_expr     go to state 87
    char_literal   go to state 88
    int_literal    go to state 89
    bool_literal   go to state 90


state 93

   38 location: ID SQUARE_OPEN . expr SQUARE_CLOSE

    CALLOUT       shift, and go to state 53
    TRUE          shift, and go to state 75
    FALSE         shift, and go to state 76
    NUM           shift, and go to state 24
    HEX_LITERAL   shift, and go to state 25
    CHAR_LITERAL  shift, and go to state 77
    ID            shift, and go to state 59
    SUBTRACT      shift, and go to state 78
    NOT           shift, and go to state 79
    OPEN          shift, and go to state 80

    location       go to state 81
    method_call    go to state 83
    normal_call    go to state 69
    callout_call   go to state 70
    expr           go to state 122
    binary_expr    go to state 85
    enclosed_expr  go to state 86
    unary_expr     go to state 87
    char_literal   go to state 88
    int_literal    go to state 89
    bool_literal   go to state 90


state 94

   51 normal_call: ID OPEN . method_call_args CLOSE

    CALLOUT       shift, and go to state 53
    TRUE          shift, and go to state 75
    FALSE         shift, and go to state 76
    NUM           shift, and go to state 24
    HEX_LITERAL   shift, and go to state 25
    CHAR_LITERAL  shift, and go to state 77
    ID            shift, and go to state 59
    SUBTRACT      shift, and go to state 78
    NOT           shift, and go to state 79
    OPEN          shift, and go to state 80

    $default  reduce using rule 52 (method_call_args)

    location                    go to state 81
    method_call                 go to state 83
    normal_call                 go to state 69
    method_call_args            go to state 123
    non_empty_method_call_args  go to state 124
    callout_call                go to state 70
    expr                        go to state 125
    binary_expr                 go to state 85
    enclosed_expr               go to state 86
    unary_expr                  go to state 87
    char_literal                go to state 88
    int_literal                 go to state 89
    bool_literal                go to state 90


state 95

   86 assign_op: EQUAL .

    $default  reduce using rule 86 (assign_op)


state 96

   87 assign_op: PLUS_EQUAL .

    $default  reduce using rule 87 (assign_op)


state 97

   88 assign_op: MINUS_EQUAL .

    $default  reduce using rule 88 (assign_op)


state 98

   36 assign_statement: location assign_op . expr SEMI_COLON

    CALLOUT       shift, and go to state 53
    TRUE          shift, and go to state 75
    FALSE         shift, and go to state 76
    NUM           shift, and go to state 24
    HEX_LITERAL   shift, and go to state 25
    CHAR_LITERAL  shift, and go to state 77
    ID            shift, and go to state 59
    SUBTRACT      shift, and go to state 78
    NOT           shift, and go to state 79
    OPEN          shift, and go to state 80

    location       go to state 81
    method_call    go to state 83
    normal_call    go to state 69
    callout_call   go to state 70
    expr           go to state 126
    binary_expr    go to state 85
    enclosed_expr  go to state 86
    unary_expr     go to state 87
    char_literal   go to state 88
    int_literal    go to state 89
    bool_literal   go to state 90


state 99

   48 method_call_statment: method_call SEMI_COLON .

    $default  reduce using rule 48 (method_call_statment)


state 100

   27 var_names: var_names COMMA ID .

    $default  reduce using rule 27 (var_names)


state 101

   94 string_literal: STRING .

    $default  reduce using rule 94 (string_literal)


state 102

   56 callout_call: CALLOUT OPEN string_literal . CLOSE
   57             | CALLOUT OPEN string_literal . COMMA non_empty_callout_args CLOSE

    CLOSE  shift, and go to state 127
    COMMA  shift, and go to state 128


state 103

   70 binary_expr: expr . ADD expr
   71            | expr . SUBTRACT expr
   72            | expr . MULTIPLY expr
   73            | expr . DIVIDE expr
   74            | expr . MODULO expr
   75            | expr . GREATER expr
   76            | expr . LESS expr
   77            | expr . GREATER_EQUAL expr
   78            | expr . LESS_EQUAL expr
   79            | expr . EQUALITY expr
   80            | expr . NOT_EQUAL expr
   81            | expr . CONDITIONAL_AND expr
   82            | expr . CONDITIONAL_OR expr
   84 unary_expr: SUBTRACT expr .

    ADD              shift, and go to state 107
    SUBTRACT         shift, and go to state 108
    MULTIPLY         shift, and go to state 109
    DIVIDE           shift, and go to state 110
    EQUALITY         shift, and go to state 111
    NOT_EQUAL        shift, and go to state 112
    GREATER_EQUAL    shift, and go to state 113
    LESS_EQUAL       shift, and go to state 114
    GREATER          shift, and go to state 115
    LESS             shift, and go to state 116
    CONDITIONAL_AND  shift, and go to state 117
    CONDITIONAL_OR   shift, and go to state 118
    MODULO           shift, and go to state 119

    ADD              [reduce using rule 84 (unary_expr)]
    SUBTRACT         [reduce using rule 84 (unary_expr)]
    MULTIPLY         [reduce using rule 84 (unary_expr)]
    DIVIDE           [reduce using rule 84 (unary_expr)]
    EQUALITY         [reduce using rule 84 (unary_expr)]
    NOT_EQUAL        [reduce using rule 84 (unary_expr)]
    GREATER_EQUAL    [reduce using rule 84 (unary_expr)]
    LESS_EQUAL       [reduce using rule 84 (unary_expr)]
    GREATER          [reduce using rule 84 (unary_expr)]
    LESS             [reduce using rule 84 (unary_expr)]
    CONDITIONAL_AND  [reduce using rule 84 (unary_expr)]
    CONDITIONAL_OR   [reduce using rule 84 (unary_expr)]
    MODULO           [reduce using rule 84 (unary_expr)]
    $default         reduce using rule 84 (unary_expr)


state 104

   70 binary_expr: expr . ADD expr
   71            | expr . SUBTRACT expr
   72            | expr . MULTIPLY expr
   73            | expr . DIVIDE expr
   74            | expr . MODULO expr
   75            | expr . GREATER expr
   76            | expr . LESS expr
   77            | expr . GREATER_EQUAL expr
   78            | expr . LESS_EQUAL expr
   79            | expr . EQUALITY expr
   80            | expr . NOT_EQUAL expr
   81            | expr . CONDITIONAL_AND expr
   82            | expr . CONDITIONAL_OR expr
   85 unary_expr: NOT expr .

    ADD              shift, and go to state 107
    SUBTRACT         shift, and go to state 108
    MULTIPLY         shift, and go to state 109
    DIVIDE           shift, and go to state 110
    EQUALITY         shift, and go to state 111
    NOT_EQUAL        shift, and go to state 112
    GREATER_EQUAL    shift, and go to state 113
    LESS_EQUAL       shift, and go to state 114
    GREATER          shift, and go to state 115
    LESS             shift, and go to state 116
    CONDITIONAL_AND  shift, and go to state 117
    CONDITIONAL_OR   shift, and go to state 118
    MODULO           shift, and go to state 119

    ADD              [reduce using rule 85 (unary_expr)]
    SUBTRACT         [reduce using rule 85 (unary_expr)]
    MULTIPLY         [reduce using rule 85 (unary_expr)]
    DIVIDE           [reduce using rule 85 (unary_expr)]
    EQUALITY         [reduce using rule 85 (unary_expr)]
    NOT_EQUAL        [reduce using rule 85 (unary_expr)]
    GREATER_EQUAL    [reduce using rule 85 (unary_expr)]
    LESS_EQUAL       [reduce using rule 85 (unary_expr)]
    GREATER          [reduce using rule 85 (unary_expr)]
    LESS             [reduce using rule 85 (unary_expr)]
    CONDITIONAL_AND  [reduce using rule 85 (unary_expr)]
    CONDITIONAL_OR   [reduce using rule 85 (unary_expr)]
    MODULO           [reduce using rule 85 (unary_expr)]
    $default         reduce using rule 85 (unary_expr)


state 105

   70 binary_expr: expr . ADD expr
   71            | expr . SUBTRACT expr
   72            | expr . MULTIPLY expr
   73            | expr . DIVIDE expr
   74            | expr . MODULO expr
   75            | expr . GREATER expr
   76            | expr . LESS expr
   77            | expr . GREATER_EQUAL expr
   78            | expr . LESS_EQUAL expr
   79            | expr . EQUALITY expr
   80            | expr . NOT_EQUAL expr
   81            | expr . CONDITIONAL_AND expr
   82            | expr . CONDITIONAL_OR expr
   83 enclosed_expr: OPEN expr . CLOSE

    ADD              shift, and go to state 107
    SUBTRACT         shift, and go to state 108
    MULTIPLY         shift, and go to state 109
    DIVIDE           shift, and go to state 110
    EQUALITY         shift, and go to state 111
    NOT_EQUAL        shift, and go to state 112
    GREATER_EQUAL    shift, and go to state 113
    LESS_EQUAL       shift, and go to state 114
    GREATER          shift, and go to state 115
    LESS             shift, and go to state 116
    CONDITIONAL_AND  shift, and go to state 117
    CONDITIONAL_OR   shift, and go to state 118
    MODULO           shift, and go to state 119
    CLOSE            shift, and go to state 129


state 106

   43 return_statement: RETURN return_value SEMI_COLON .

    $default  reduce using rule 43 (return_statement)


state 107

   70 binary_expr: expr ADD . expr

    CALLOUT       shift, and go to state 53
    TRUE          shift, and go to state 75
    FALSE         shift, and go to state 76
    NUM           shift, and go to state 24
    HEX_LITERAL   shift, and go to state 25
    CHAR_LITERAL  shift, and go to state 77
    ID            shift, and go to state 59
    SUBTRACT      shift, and go to state 78
    NOT           shift, and go to state 79
    OPEN          shift, and go to state 80

    location       go to state 81
    method_call    go to state 83
    normal_call    go to state 69
    callout_call   go to state 70
    expr           go to state 130
    binary_expr    go to state 85
    enclosed_expr  go to state 86
    unary_expr     go to state 87
    char_literal   go to state 88
    int_literal    go to state 89
    bool_literal   go to state 90


state 108

   71 binary_expr: expr SUBTRACT . expr

    CALLOUT       shift, and go to state 53
    TRUE          shift, and go to state 75
    FALSE         shift, and go to state 76
    NUM           shift, and go to state 24
    HEX_LITERAL   shift, and go to state 25
    CHAR_LITERAL  shift, and go to state 77
    ID            shift, and go to state 59
    SUBTRACT      shift, and go to state 78
    NOT           shift, and go to state 79
    OPEN          shift, and go to state 80

    location       go to state 81
    method_call    go to state 83
    normal_call    go to state 69
    callout_call   go to state 70
    expr           go to state 131
    binary_expr    go to state 85
    enclosed_expr  go to state 86
    unary_expr     go to state 87
    char_literal   go to state 88
    int_literal    go to state 89
    bool_literal   go to state 90


state 109

   72 binary_expr: expr MULTIPLY . expr

    CALLOUT       shift, and go to state 53
    TRUE          shift, and go to state 75
    FALSE         shift, and go to state 76
    NUM           shift, and go to state 24
    HEX_LITERAL   shift, and go to state 25
    CHAR_LITERAL  shift, and go to state 77
    ID            shift, and go to state 59
    SUBTRACT      shift, and go to state 78
    NOT           shift, and go to state 79
    OPEN          shift, and go to state 80

    location       go to state 81
    method_call    go to state 83
    normal_call    go to state 69
    callout_call   go to state 70
    expr           go to state 132
    binary_expr    go to state 85
    enclosed_expr  go to state 86
    unary_expr     go to state 87
    char_literal   go to state 88
    int_literal    go to state 89
    bool_literal   go to state 90


state 110

   73 binary_expr: expr DIVIDE . expr

    CALLOUT       shift, and go to state 53
    TRUE          shift, and go to state 75
    FALSE         shift, and go to state 76
    NUM           shift, and go to state 24
    HEX_LITERAL   shift, and go to state 25
    CHAR_LITERAL  shift, and go to state 77
    ID            shift, and go to state 59
    SUBTRACT      shift, and go to state 78
    NOT           shift, and go to state 79
    OPEN          shift, and go to state 80

    location       go to state 81
    method_call    go to state 83
    normal_call    go to state 69
    callout_call   go to state 70
    expr           go to state 133
    binary_expr    go to state 85
    enclosed_expr  go to state 86
    unary_expr     go to state 87
    char_literal   go to state 88
    int_literal    go to state 89
    bool_literal   go to state 90


state 111

   79 binary_expr: expr EQUALITY . expr

    CALLOUT       shift, and go to state 53
    TRUE          shift, and go to state 75
    FALSE         shift, and go to state 76
    NUM           shift, and go to state 24
    HEX_LITERAL   shift, and go to state 25
    CHAR_LITERAL  shift, and go to state 77
    ID            shift, and go to state 59
    SUBTRACT      shift, and go to state 78
    NOT           shift, and go to state 79
    OPEN          shift, and go to state 80

    location       go to state 81
    method_call    go to state 83
    normal_call    go to state 69
    callout_call   go to state 70
    expr           go to state 134
    binary_expr    go to state 85
    enclosed_expr  go to state 86
    unary_expr     go to state 87
    char_literal   go to state 88
    int_literal    go to state 89
    bool_literal   go to state 90


state 112

   80 binary_expr: expr NOT_EQUAL . expr

    CALLOUT       shift, and go to state 53
    TRUE          shift, and go to state 75
    FALSE         shift, and go to state 76
    NUM           shift, and go to state 24
    HEX_LITERAL   shift, and go to state 25
    CHAR_LITERAL  shift, and go to state 77
    ID            shift, and go to state 59
    SUBTRACT      shift, and go to state 78
    NOT           shift, and go to state 79
    OPEN          shift, and go to state 80

    location       go to state 81
    method_call    go to state 83
    normal_call    go to state 69
    callout_call   go to state 70
    expr           go to state 135
    binary_expr    go to state 85
    enclosed_expr  go to state 86
    unary_expr     go to state 87
    char_literal   go to state 88
    int_literal    go to state 89
    bool_literal   go to state 90


state 113

   77 binary_expr: expr GREATER_EQUAL . expr

    CALLOUT       shift, and go to state 53
    TRUE          shift, and go to state 75
    FALSE         shift, and go to state 76
    NUM           shift, and go to state 24
    HEX_LITERAL   shift, and go to state 25
    CHAR_LITERAL  shift, and go to state 77
    ID            shift, and go to state 59
    SUBTRACT      shift, and go to state 78
    NOT           shift, and go to state 79
    OPEN          shift, and go to state 80

    location       go to state 81
    method_call    go to state 83
    normal_call    go to state 69
    callout_call   go to state 70
    expr           go to state 136
    binary_expr    go to state 85
    enclosed_expr  go to state 86
    unary_expr     go to state 87
    char_literal   go to state 88
    int_literal    go to state 89
    bool_literal   go to state 90


state 114

   78 binary_expr: expr LESS_EQUAL . expr

    CALLOUT       shift, and go to state 53
    TRUE          shift, and go to state 75
    FALSE         shift, and go to state 76
    NUM           shift, and go to state 24
    HEX_LITERAL   shift, and go to state 25
    CHAR_LITERAL  shift, and go to state 77
    ID            shift, and go to state 59
    SUBTRACT      shift, and go to state 78
    NOT           shift, and go to state 79
    OPEN          shift, and go to state 80

    location       go to state 81
    method_call    go to state 83
    normal_call    go to state 69
    callout_call   go to state 70
    expr           go to state 137
    binary_expr    go to state 85
    enclosed_expr  go to state 86
    unary_expr     go to state 87
    char_literal   go to state 88
    int_literal    go to state 89
    bool_literal   go to state 90


state 115

   75 binary_expr: expr GREATER . expr

    CALLOUT       shift, and go to state 53
    TRUE          shift, and go to state 75
    FALSE         shift, and go to state 76
    NUM           shift, and go to state 24
    HEX_LITERAL   shift, and go to state 25
    CHAR_LITERAL  shift, and go to state 77
    ID            shift, and go to state 59
    SUBTRACT      shift, and go to state 78
    NOT           shift, and go to state 79
    OPEN          shift, and go to state 80

    location       go to state 81
    method_call    go to state 83
    normal_call    go to state 69
    callout_call   go to state 70
    expr           go to state 138
    binary_expr    go to state 85
    enclosed_expr  go to state 86
    unary_expr     go to state 87
    char_literal   go to state 88
    int_literal    go to state 89
    bool_literal   go to state 90


state 116

   76 binary_expr: expr LESS . expr

    CALLOUT       shift, and go to state 53
    TRUE          shift, and go to state 75
    FALSE         shift, and go to state 76
    NUM           shift, and go to state 24
    HEX_LITERAL   shift, and go to state 25
    CHAR_LITERAL  shift, and go to state 77
    ID            shift, and go to state 59
    SUBTRACT      shift, and go to state 78
    NOT           shift, and go to state 79
    OPEN          shift, and go to state 80

    location       go to state 81
    method_call    go to state 83
    normal_call    go to state 69
    callout_call   go to state 70
    expr           go to state 139
    binary_expr    go to state 85
    enclosed_expr  go to state 86
    unary_expr     go to state 87
    char_literal   go to state 88
    int_literal    go to state 89
    bool_literal   go to state 90


state 117

   81 binary_expr: expr CONDITIONAL_AND . expr

    CALLOUT       shift, and go to state 53
    TRUE          shift, and go to state 75
    FALSE         shift, and go to state 76
    NUM           shift, and go to state 24
    HEX_LITERAL   shift, and go to state 25
    CHAR_LITERAL  shift, and go to state 77
    ID            shift, and go to state 59
    SUBTRACT      shift, and go to state 78
    NOT           shift, and go to state 79
    OPEN          shift, and go to state 80

    location       go to state 81
    method_call    go to state 83
    normal_call    go to state 69
    callout_call   go to state 70
    expr           go to state 140
    binary_expr    go to state 85
    enclosed_expr  go to state 86
    unary_expr     go to state 87
    char_literal   go to state 88
    int_literal    go to state 89
    bool_literal   go to state 90


state 118

   82 binary_expr: expr CONDITIONAL_OR . expr

    CALLOUT       shift, and go to state 53
    TRUE          shift, and go to state 75
    FALSE         shift, and go to state 76
    NUM           shift, and go to state 24
    HEX_LITERAL   shift, and go to state 25
    CHAR_LITERAL  shift, and go to state 77
    ID            shift, and go to state 59
    SUBTRACT      shift, and go to state 78
    NOT           shift, and go to state 79
    OPEN          shift, and go to state 80

    location       go to state 81
    method_call    go to state 83
    normal_call    go to state 69
    callout_call   go to state 70
    expr           go to state 141
    binary_expr    go to state 85
    enclosed_expr  go to state 86
    unary_expr     go to state 87
    char_literal   go to state 88
    int_literal    go to state 89
    bool_literal   go to state 90


state 119

   74 binary_expr: expr MODULO . expr

    CALLOUT       shift, and go to state 53
    TRUE          shift, and go to state 75
    FALSE         shift, and go to state 76
    NUM           shift, and go to state 24
    HEX_LITERAL   shift, and go to state 25
    CHAR_LITERAL  shift, and go to state 77
    ID            shift, and go to state 59
    SUBTRACT      shift, and go to state 78
    NOT           shift, and go to state 79
    OPEN          shift, and go to state 80

    location       go to state 81
    method_call    go to state 83
    normal_call    go to state 69
    callout_call   go to state 70
    expr           go to state 142
    binary_expr    go to state 85
    enclosed_expr  go to state 86
    unary_expr     go to state 87
    char_literal   go to state 88
    int_literal    go to state 89
    bool_literal   go to state 90


state 120

   42 for_statement: FOR ID EQUAL . expr COMMA expr code_block

    CALLOUT       shift, and go to state 53
    TRUE          shift, and go to state 75
    FALSE         shift, and go to state 76
    NUM           shift, and go to state 24
    HEX_LITERAL   shift, and go to state 25
    CHAR_LITERAL  shift, and go to state 77
    ID            shift, and go to state 59
    SUBTRACT      shift, and go to state 78
    NOT           shift, and go to state 79
    OPEN          shift, and go to state 80

    location       go to state 81
    method_call    go to state 83
    normal_call    go to state 69
    callout_call   go to state 70
    expr           go to state 143
    binary_expr    go to state 85
    enclosed_expr  go to state 86
    unary_expr     go to state 87
    char_literal   go to state 88
    int_literal    go to state 89
    bool_literal   go to state 90


state 121

   39 if_statement: IF OPEN expr . CLOSE code_block else_statement
   70 binary_expr: expr . ADD expr
   71            | expr . SUBTRACT expr
   72            | expr . MULTIPLY expr
   73            | expr . DIVIDE expr
   74            | expr . MODULO expr
   75            | expr . GREATER expr
   76            | expr . LESS expr
   77            | expr . GREATER_EQUAL expr
   78            | expr . LESS_EQUAL expr
   79            | expr . EQUALITY expr
   80            | expr . NOT_EQUAL expr
   81            | expr . CONDITIONAL_AND expr
   82            | expr . CONDITIONAL_OR expr

    ADD              shift, and go to state 107
    SUBTRACT         shift, and go to state 108
    MULTIPLY         shift, and go to state 109
    DIVIDE           shift, and go to state 110
    EQUALITY         shift, and go to state 111
    NOT_EQUAL        shift, and go to state 112
    GREATER_EQUAL    shift, and go to state 113
    LESS_EQUAL       shift, and go to state 114
    GREATER          shift, and go to state 115
    LESS             shift, and go to state 116
    CONDITIONAL_AND  shift, and go to state 117
    CONDITIONAL_OR   shift, and go to state 118
    MODULO           shift, and go to state 119
    CLOSE            shift, and go to state 144


state 122

   38 location: ID SQUARE_OPEN expr . SQUARE_CLOSE
   70 binary_expr: expr . ADD expr
   71            | expr . SUBTRACT expr
   72            | expr . MULTIPLY expr
   73            | expr . DIVIDE expr
   74            | expr . MODULO expr
   75            | expr . GREATER expr
   76            | expr . LESS expr
   77            | expr . GREATER_EQUAL expr
   78            | expr . LESS_EQUAL expr
   79            | expr . EQUALITY expr
   80            | expr . NOT_EQUAL expr
   81            | expr . CONDITIONAL_AND expr
   82            | expr . CONDITIONAL_OR expr

    ADD              shift, and go to state 107
    SUBTRACT         shift, and go to state 108
    MULTIPLY         shift, and go to state 109
    DIVIDE           shift, and go to state 110
    EQUALITY         shift, and go to state 111
    NOT_EQUAL        shift, and go to state 112
    GREATER_EQUAL    shift, and go to state 113
    LESS_EQUAL       shift, and go to state 114
    GREATER          shift, and go to state 115
    LESS             shift, and go to state 116
    CONDITIONAL_AND  shift, and go to state 117
    CONDITIONAL_OR   shift, and go to state 118
    MODULO           shift, and go to state 119
    SQUARE_CLOSE     shift, and go to state 145


state 123

   51 normal_call: ID OPEN method_call_args . CLOSE

    CLOSE  shift, and go to state 146


state 124

   53 method_call_args: non_empty_method_call_args .
   55 non_empty_method_call_args: non_empty_method_call_args . COMMA expr

    COMMA  shift, and go to state 147

    $default  reduce using rule 53 (method_call_args)


state 125

   54 non_empty_method_call_args: expr .
   70 binary_expr: expr . ADD expr
   71            | expr . SUBTRACT expr
   72            | expr . MULTIPLY expr
   73            | expr . DIVIDE expr
   74            | expr . MODULO expr
   75            | expr . GREATER expr
   76            | expr . LESS expr
   77            | expr . GREATER_EQUAL expr
   78            | expr . LESS_EQUAL expr
   79            | expr . EQUALITY expr
   80            | expr . NOT_EQUAL expr
   81            | expr . CONDITIONAL_AND expr
   82            | expr . CONDITIONAL_OR expr

    ADD              shift, and go to state 107
    SUBTRACT         shift, and go to state 108
    MULTIPLY         shift, and go to state 109
    DIVIDE           shift, and go to state 110
    EQUALITY         shift, and go to state 111
    NOT_EQUAL        shift, and go to state 112
    GREATER_EQUAL    shift, and go to state 113
    LESS_EQUAL       shift, and go to state 114
    GREATER          shift, and go to state 115
    LESS             shift, and go to state 116
    CONDITIONAL_AND  shift, and go to state 117
    CONDITIONAL_OR   shift, and go to state 118
    MODULO           shift, and go to state 119

    $default  reduce using rule 54 (non_empty_method_call_args)


state 126

   36 assign_statement: location assign_op expr . SEMI_COLON
   70 binary_expr: expr . ADD expr
   71            | expr . SUBTRACT expr
   72            | expr . MULTIPLY expr
   73            | expr . DIVIDE expr
   74            | expr . MODULO expr
   75            | expr . GREATER expr
   76            | expr . LESS expr
   77            | expr . GREATER_EQUAL expr
   78            | expr . LESS_EQUAL expr
   79            | expr . EQUALITY expr
   80            | expr . NOT_EQUAL expr
   81            | expr . CONDITIONAL_AND expr
   82            | expr . CONDITIONAL_OR expr

    ADD              shift, and go to state 107
    SUBTRACT         shift, and go to state 108
    MULTIPLY         shift, and go to state 109
    DIVIDE           shift, and go to state 110
    EQUALITY         shift, and go to state 111
    NOT_EQUAL        shift, and go to state 112
    GREATER_EQUAL    shift, and go to state 113
    LESS_EQUAL       shift, and go to state 114
    GREATER          shift, and go to state 115
    LESS             shift, and go to state 116
    CONDITIONAL_AND  shift, and go to state 117
    CONDITIONAL_OR   shift, and go to state 118
    MODULO           shift, and go to state 119
    SEMI_COLON       shift, and go to state 148


state 127

   56 callout_call: CALLOUT OPEN string_literal CLOSE .

    $default  reduce using rule 56 (callout_call)


state 128

   57 callout_call: CALLOUT OPEN string_literal COMMA . non_empty_callout_args CLOSE

    CALLOUT       shift, and go to state 53
    TRUE          shift, and go to state 75
    FALSE         shift, and go to state 76
    NUM           shift, and go to state 24
    HEX_LITERAL   shift, and go to state 25
    CHAR_LITERAL  shift, and go to state 77
    STRING        shift, and go to state 101
    ID            shift, and go to state 59
    SUBTRACT      shift, and go to state 78
    NOT           shift, and go to state 79
    OPEN          shift, and go to state 80

    location                go to state 81
    method_call             go to state 83
    normal_call             go to state 69
    callout_call            go to state 70
    non_empty_callout_args  go to state 149
    callout_arg             go to state 150
    expr                    go to state 151
    binary_expr             go to state 85
    enclosed_expr           go to state 86
    unary_expr              go to state 87
    char_literal            go to state 88
    int_literal             go to state 89
    bool_literal            go to state 90
    string_literal          go to state 152


state 129

   83 enclosed_expr: OPEN expr CLOSE .

    $default  reduce using rule 83 (enclosed_expr)


state 130

   70 binary_expr: expr . ADD expr
   70            | expr ADD expr .
   71            | expr . SUBTRACT expr
   72            | expr . MULTIPLY expr
   73            | expr . DIVIDE expr
   74            | expr . MODULO expr
   75            | expr . GREATER expr
   76            | expr . LESS expr
   77            | expr . GREATER_EQUAL expr
   78            | expr . LESS_EQUAL expr
   79            | expr . EQUALITY expr
   80            | expr . NOT_EQUAL expr
   81            | expr . CONDITIONAL_AND expr
   82            | expr . CONDITIONAL_OR expr

    ADD              shift, and go to state 107
    SUBTRACT         shift, and go to state 108
    MULTIPLY         shift, and go to state 109
    DIVIDE           shift, and go to state 110
    EQUALITY         shift, and go to state 111
    NOT_EQUAL        shift, and go to state 112
    GREATER_EQUAL    shift, and go to state 113
    LESS_EQUAL       shift, and go to state 114
    GREATER          shift, and go to state 115
    LESS             shift, and go to state 116
    CONDITIONAL_AND  shift, and go to state 117
    CONDITIONAL_OR   shift, and go to state 118
    MODULO           shift, and go to state 119

    ADD              [reduce using rule 70 (binary_expr)]
    SUBTRACT         [reduce using rule 70 (binary_expr)]
    MULTIPLY         [reduce using rule 70 (binary_expr)]
    DIVIDE           [reduce using rule 70 (binary_expr)]
    EQUALITY         [reduce using rule 70 (binary_expr)]
    NOT_EQUAL        [reduce using rule 70 (binary_expr)]
    GREATER_EQUAL    [reduce using rule 70 (binary_expr)]
    LESS_EQUAL       [reduce using rule 70 (binary_expr)]
    GREATER          [reduce using rule 70 (binary_expr)]
    LESS             [reduce using rule 70 (binary_expr)]
    CONDITIONAL_AND  [reduce using rule 70 (binary_expr)]
    CONDITIONAL_OR   [reduce using rule 70 (binary_expr)]
    MODULO           [reduce using rule 70 (binary_expr)]
    $default         reduce using rule 70 (binary_expr)


state 131

   70 binary_expr: expr . ADD expr
   71            | expr . SUBTRACT expr
   71            | expr SUBTRACT expr .
   72            | expr . MULTIPLY expr
   73            | expr . DIVIDE expr
   74            | expr . MODULO expr
   75            | expr . GREATER expr
   76            | expr . LESS expr
   77            | expr . GREATER_EQUAL expr
   78            | expr . LESS_EQUAL expr
   79            | expr . EQUALITY expr
   80            | expr . NOT_EQUAL expr
   81            | expr . CONDITIONAL_AND expr
   82            | expr . CONDITIONAL_OR expr

    ADD              shift, and go to state 107
    SUBTRACT         shift, and go to state 108
    MULTIPLY         shift, and go to state 109
    DIVIDE           shift, and go to state 110
    EQUALITY         shift, and go to state 111
    NOT_EQUAL        shift, and go to state 112
    GREATER_EQUAL    shift, and go to state 113
    LESS_EQUAL       shift, and go to state 114
    GREATER          shift, and go to state 115
    LESS             shift, and go to state 116
    CONDITIONAL_AND  shift, and go to state 117
    CONDITIONAL_OR   shift, and go to state 118
    MODULO           shift, and go to state 119

    ADD              [reduce using rule 71 (binary_expr)]
    SUBTRACT         [reduce using rule 71 (binary_expr)]
    MULTIPLY         [reduce using rule 71 (binary_expr)]
    DIVIDE           [reduce using rule 71 (binary_expr)]
    EQUALITY         [reduce using rule 71 (binary_expr)]
    NOT_EQUAL        [reduce using rule 71 (binary_expr)]
    GREATER_EQUAL    [reduce using rule 71 (binary_expr)]
    LESS_EQUAL       [reduce using rule 71 (binary_expr)]
    GREATER          [reduce using rule 71 (binary_expr)]
    LESS             [reduce using rule 71 (binary_expr)]
    CONDITIONAL_AND  [reduce using rule 71 (binary_expr)]
    CONDITIONAL_OR   [reduce using rule 71 (binary_expr)]
    MODULO           [reduce using rule 71 (binary_expr)]
    $default         reduce using rule 71 (binary_expr)


state 132

   70 binary_expr: expr . ADD expr
   71            | expr . SUBTRACT expr
   72            | expr . MULTIPLY expr
   72            | expr MULTIPLY expr .
   73            | expr . DIVIDE expr
   74            | expr . MODULO expr
   75            | expr . GREATER expr
   76            | expr . LESS expr
   77            | expr . GREATER_EQUAL expr
   78            | expr . LESS_EQUAL expr
   79            | expr . EQUALITY expr
   80            | expr . NOT_EQUAL expr
   81            | expr . CONDITIONAL_AND expr
   82            | expr . CONDITIONAL_OR expr

    ADD              shift, and go to state 107
    SUBTRACT         shift, and go to state 108
    MULTIPLY         shift, and go to state 109
    DIVIDE           shift, and go to state 110
    EQUALITY         shift, and go to state 111
    NOT_EQUAL        shift, and go to state 112
    GREATER_EQUAL    shift, and go to state 113
    LESS_EQUAL       shift, and go to state 114
    GREATER          shift, and go to state 115
    LESS             shift, and go to state 116
    CONDITIONAL_AND  shift, and go to state 117
    CONDITIONAL_OR   shift, and go to state 118
    MODULO           shift, and go to state 119

    ADD              [reduce using rule 72 (binary_expr)]
    SUBTRACT         [reduce using rule 72 (binary_expr)]
    MULTIPLY         [reduce using rule 72 (binary_expr)]
    DIVIDE           [reduce using rule 72 (binary_expr)]
    EQUALITY         [reduce using rule 72 (binary_expr)]
    NOT_EQUAL        [reduce using rule 72 (binary_expr)]
    GREATER_EQUAL    [reduce using rule 72 (binary_expr)]
    LESS_EQUAL       [reduce using rule 72 (binary_expr)]
    GREATER          [reduce using rule 72 (binary_expr)]
    LESS             [reduce using rule 72 (binary_expr)]
    CONDITIONAL_AND  [reduce using rule 72 (binary_expr)]
    CONDITIONAL_OR   [reduce using rule 72 (binary_expr)]
    MODULO           [reduce using rule 72 (binary_expr)]
    $default         reduce using rule 72 (binary_expr)


state 133

   70 binary_expr: expr . ADD expr
   71            | expr . SUBTRACT expr
   72            | expr . MULTIPLY expr
   73            | expr . DIVIDE expr
   73            | expr DIVIDE expr .
   74            | expr . MODULO expr
   75            | expr . GREATER expr
   76            | expr . LESS expr
   77            | expr . GREATER_EQUAL expr
   78            | expr . LESS_EQUAL expr
   79            | expr . EQUALITY expr
   80            | expr . NOT_EQUAL expr
   81            | expr . CONDITIONAL_AND expr
   82            | expr . CONDITIONAL_OR expr

    ADD              shift, and go to state 107
    SUBTRACT         shift, and go to state 108
    MULTIPLY         shift, and go to state 109
    DIVIDE           shift, and go to state 110
    EQUALITY         shift, and go to state 111
    NOT_EQUAL        shift, and go to state 112
    GREATER_EQUAL    shift, and go to state 113
    LESS_EQUAL       shift, and go to state 114
    GREATER          shift, and go to state 115
    LESS             shift, and go to state 116
    CONDITIONAL_AND  shift, and go to state 117
    CONDITIONAL_OR   shift, and go to state 118
    MODULO           shift, and go to state 119

    ADD              [reduce using rule 73 (binary_expr)]
    SUBTRACT         [reduce using rule 73 (binary_expr)]
    MULTIPLY         [reduce using rule 73 (binary_expr)]
    DIVIDE           [reduce using rule 73 (binary_expr)]
    EQUALITY         [reduce using rule 73 (binary_expr)]
    NOT_EQUAL        [reduce using rule 73 (binary_expr)]
    GREATER_EQUAL    [reduce using rule 73 (binary_expr)]
    LESS_EQUAL       [reduce using rule 73 (binary_expr)]
    GREATER          [reduce using rule 73 (binary_expr)]
    LESS             [reduce using rule 73 (binary_expr)]
    CONDITIONAL_AND  [reduce using rule 73 (binary_expr)]
    CONDITIONAL_OR   [reduce using rule 73 (binary_expr)]
    MODULO           [reduce using rule 73 (binary_expr)]
    $default         reduce using rule 73 (binary_expr)


state 134

   70 binary_expr: expr . ADD expr
   71            | expr . SUBTRACT expr
   72            | expr . MULTIPLY expr
   73            | expr . DIVIDE expr
   74            | expr . MODULO expr
   75            | expr . GREATER expr
   76            | expr . LESS expr
   77            | expr . GREATER_EQUAL expr
   78            | expr . LESS_EQUAL expr
   79            | expr . EQUALITY expr
   79            | expr EQUALITY expr .
   80            | expr . NOT_EQUAL expr
   81            | expr . CONDITIONAL_AND expr
   82            | expr . CONDITIONAL_OR expr

    ADD              shift, and go to state 107
    SUBTRACT         shift, and go to state 108
    MULTIPLY         shift, and go to state 109
    DIVIDE           shift, and go to state 110
    EQUALITY         shift, and go to state 111
    NOT_EQUAL        shift, and go to state 112
    GREATER_EQUAL    shift, and go to state 113
    LESS_EQUAL       shift, and go to state 114
    GREATER          shift, and go to state 115
    LESS             shift, and go to state 116
    CONDITIONAL_AND  shift, and go to state 117
    CONDITIONAL_OR   shift, and go to state 118
    MODULO           shift, and go to state 119

    ADD              [reduce using rule 79 (binary_expr)]
    SUBTRACT         [reduce using rule 79 (binary_expr)]
    MULTIPLY         [reduce using rule 79 (binary_expr)]
    DIVIDE           [reduce using rule 79 (binary_expr)]
    EQUALITY         [reduce using rule 79 (binary_expr)]
    NOT_EQUAL        [reduce using rule 79 (binary_expr)]
    GREATER_EQUAL    [reduce using rule 79 (binary_expr)]
    LESS_EQUAL       [reduce using rule 79 (binary_expr)]
    GREATER          [reduce using rule 79 (binary_expr)]
    LESS             [reduce using rule 79 (binary_expr)]
    CONDITIONAL_AND  [reduce using rule 79 (binary_expr)]
    CONDITIONAL_OR   [reduce using rule 79 (binary_expr)]
    MODULO           [reduce using rule 79 (binary_expr)]
    $default         reduce using rule 79 (binary_expr)


state 135

   70 binary_expr: expr . ADD expr
   71            | expr . SUBTRACT expr
   72            | expr . MULTIPLY expr
   73            | expr . DIVIDE expr
   74            | expr . MODULO expr
   75            | expr . GREATER expr
   76            | expr . LESS expr
   77            | expr . GREATER_EQUAL expr
   78            | expr . LESS_EQUAL expr
   79            | expr . EQUALITY expr
   80            | expr . NOT_EQUAL expr
   80            | expr NOT_EQUAL expr .
   81            | expr . CONDITIONAL_AND expr
   82            | expr . CONDITIONAL_OR expr

    ADD              shift, and go to state 107
    SUBTRACT         shift, and go to state 108
    MULTIPLY         shift, and go to state 109
    DIVIDE           shift, and go to state 110
    EQUALITY         shift, and go to state 111
    NOT_EQUAL        shift, and go to state 112
    GREATER_EQUAL    shift, and go to state 113
    LESS_EQUAL       shift, and go to state 114
    GREATER          shift, and go to state 115
    LESS             shift, and go to state 116
    CONDITIONAL_AND  shift, and go to state 117
    CONDITIONAL_OR   shift, and go to state 118
    MODULO           shift, and go to state 119

    ADD              [reduce using rule 80 (binary_expr)]
    SUBTRACT         [reduce using rule 80 (binary_expr)]
    MULTIPLY         [reduce using rule 80 (binary_expr)]
    DIVIDE           [reduce using rule 80 (binary_expr)]
    EQUALITY         [reduce using rule 80 (binary_expr)]
    NOT_EQUAL        [reduce using rule 80 (binary_expr)]
    GREATER_EQUAL    [reduce using rule 80 (binary_expr)]
    LESS_EQUAL       [reduce using rule 80 (binary_expr)]
    GREATER          [reduce using rule 80 (binary_expr)]
    LESS             [reduce using rule 80 (binary_expr)]
    CONDITIONAL_AND  [reduce using rule 80 (binary_expr)]
    CONDITIONAL_OR   [reduce using rule 80 (binary_expr)]
    MODULO           [reduce using rule 80 (binary_expr)]
    $default         reduce using rule 80 (binary_expr)


state 136

   70 binary_expr: expr . ADD expr
   71            | expr . SUBTRACT expr
   72            | expr . MULTIPLY expr
   73            | expr . DIVIDE expr
   74            | expr . MODULO expr
   75            | expr . GREATER expr
   76            | expr . LESS expr
   77            | expr . GREATER_EQUAL expr
   77            | expr GREATER_EQUAL expr .
   78            | expr . LESS_EQUAL expr
   79            | expr . EQUALITY expr
   80            | expr . NOT_EQUAL expr
   81            | expr . CONDITIONAL_AND expr
   82            | expr . CONDITIONAL_OR expr

    ADD              shift, and go to state 107
    SUBTRACT         shift, and go to state 108
    MULTIPLY         shift, and go to state 109
    DIVIDE           shift, and go to state 110
    EQUALITY         shift, and go to state 111
    NOT_EQUAL        shift, and go to state 112
    GREATER_EQUAL    shift, and go to state 113
    LESS_EQUAL       shift, and go to state 114
    GREATER          shift, and go to state 115
    LESS             shift, and go to state 116
    CONDITIONAL_AND  shift, and go to state 117
    CONDITIONAL_OR   shift, and go to state 118
    MODULO           shift, and go to state 119

    ADD              [reduce using rule 77 (binary_expr)]
    SUBTRACT         [reduce using rule 77 (binary_expr)]
    MULTIPLY         [reduce using rule 77 (binary_expr)]
    DIVIDE           [reduce using rule 77 (binary_expr)]
    EQUALITY         [reduce using rule 77 (binary_expr)]
    NOT_EQUAL        [reduce using rule 77 (binary_expr)]
    GREATER_EQUAL    [reduce using rule 77 (binary_expr)]
    LESS_EQUAL       [reduce using rule 77 (binary_expr)]
    GREATER          [reduce using rule 77 (binary_expr)]
    LESS             [reduce using rule 77 (binary_expr)]
    CONDITIONAL_AND  [reduce using rule 77 (binary_expr)]
    CONDITIONAL_OR   [reduce using rule 77 (binary_expr)]
    MODULO           [reduce using rule 77 (binary_expr)]
    $default         reduce using rule 77 (binary_expr)


state 137

   70 binary_expr: expr . ADD expr
   71            | expr . SUBTRACT expr
   72            | expr . MULTIPLY expr
   73            | expr . DIVIDE expr
   74            | expr . MODULO expr
   75            | expr . GREATER expr
   76            | expr . LESS expr
   77            | expr . GREATER_EQUAL expr
   78            | expr . LESS_EQUAL expr
   78            | expr LESS_EQUAL expr .
   79            | expr . EQUALITY expr
   80            | expr . NOT_EQUAL expr
   81            | expr . CONDITIONAL_AND expr
   82            | expr . CONDITIONAL_OR expr

    ADD              shift, and go to state 107
    SUBTRACT         shift, and go to state 108
    MULTIPLY         shift, and go to state 109
    DIVIDE           shift, and go to state 110
    EQUALITY         shift, and go to state 111
    NOT_EQUAL        shift, and go to state 112
    GREATER_EQUAL    shift, and go to state 113
    LESS_EQUAL       shift, and go to state 114
    GREATER          shift, and go to state 115
    LESS             shift, and go to state 116
    CONDITIONAL_AND  shift, and go to state 117
    CONDITIONAL_OR   shift, and go to state 118
    MODULO           shift, and go to state 119

    ADD              [reduce using rule 78 (binary_expr)]
    SUBTRACT         [reduce using rule 78 (binary_expr)]
    MULTIPLY         [reduce using rule 78 (binary_expr)]
    DIVIDE           [reduce using rule 78 (binary_expr)]
    EQUALITY         [reduce using rule 78 (binary_expr)]
    NOT_EQUAL        [reduce using rule 78 (binary_expr)]
    GREATER_EQUAL    [reduce using rule 78 (binary_expr)]
    LESS_EQUAL       [reduce using rule 78 (binary_expr)]
    GREATER          [reduce using rule 78 (binary_expr)]
    LESS             [reduce using rule 78 (binary_expr)]
    CONDITIONAL_AND  [reduce using rule 78 (binary_expr)]
    CONDITIONAL_OR   [reduce using rule 78 (binary_expr)]
    MODULO           [reduce using rule 78 (binary_expr)]
    $default         reduce using rule 78 (binary_expr)


state 138

   70 binary_expr: expr . ADD expr
   71            | expr . SUBTRACT expr
   72            | expr . MULTIPLY expr
   73            | expr . DIVIDE expr
   74            | expr . MODULO expr
   75            | expr . GREATER expr
   75            | expr GREATER expr .
   76            | expr . LESS expr
   77            | expr . GREATER_EQUAL expr
   78            | expr . LESS_EQUAL expr
   79            | expr . EQUALITY expr
   80            | expr . NOT_EQUAL expr
   81            | expr . CONDITIONAL_AND expr
   82            | expr . CONDITIONAL_OR expr

    ADD              shift, and go to state 107
    SUBTRACT         shift, and go to state 108
    MULTIPLY         shift, and go to state 109
    DIVIDE           shift, and go to state 110
    EQUALITY         shift, and go to state 111
    NOT_EQUAL        shift, and go to state 112
    GREATER_EQUAL    shift, and go to state 113
    LESS_EQUAL       shift, and go to state 114
    GREATER          shift, and go to state 115
    LESS             shift, and go to state 116
    CONDITIONAL_AND  shift, and go to state 117
    CONDITIONAL_OR   shift, and go to state 118
    MODULO           shift, and go to state 119

    ADD              [reduce using rule 75 (binary_expr)]
    SUBTRACT         [reduce using rule 75 (binary_expr)]
    MULTIPLY         [reduce using rule 75 (binary_expr)]
    DIVIDE           [reduce using rule 75 (binary_expr)]
    EQUALITY         [reduce using rule 75 (binary_expr)]
    NOT_EQUAL        [reduce using rule 75 (binary_expr)]
    GREATER_EQUAL    [reduce using rule 75 (binary_expr)]
    LESS_EQUAL       [reduce using rule 75 (binary_expr)]
    GREATER          [reduce using rule 75 (binary_expr)]
    LESS             [reduce using rule 75 (binary_expr)]
    CONDITIONAL_AND  [reduce using rule 75 (binary_expr)]
    CONDITIONAL_OR   [reduce using rule 75 (binary_expr)]
    MODULO           [reduce using rule 75 (binary_expr)]
    $default         reduce using rule 75 (binary_expr)


state 139

   70 binary_expr: expr . ADD expr
   71            | expr . SUBTRACT expr
   72            | expr . MULTIPLY expr
   73            | expr . DIVIDE expr
   74            | expr . MODULO expr
   75            | expr . GREATER expr
   76            | expr . LESS expr
   76            | expr LESS expr .
   77            | expr . GREATER_EQUAL expr
   78            | expr . LESS_EQUAL expr
   79            | expr . EQUALITY expr
   80            | expr . NOT_EQUAL expr
   81            | expr . CONDITIONAL_AND expr
   82            | expr . CONDITIONAL_OR expr

    ADD              shift, and go to state 107
    SUBTRACT         shift, and go to state 108
    MULTIPLY         shift, and go to state 109
    DIVIDE           shift, and go to state 110
    EQUALITY         shift, and go to state 111
    NOT_EQUAL        shift, and go to state 112
    GREATER_EQUAL    shift, and go to state 113
    LESS_EQUAL       shift, and go to state 114
    GREATER          shift, and go to state 115
    LESS             shift, and go to state 116
    CONDITIONAL_AND  shift, and go to state 117
    CONDITIONAL_OR   shift, and go to state 118
    MODULO           shift, and go to state 119

    ADD              [reduce using rule 76 (binary_expr)]
    SUBTRACT         [reduce using rule 76 (binary_expr)]
    MULTIPLY         [reduce using rule 76 (binary_expr)]
    DIVIDE           [reduce using rule 76 (binary_expr)]
    EQUALITY         [reduce using rule 76 (binary_expr)]
    NOT_EQUAL        [reduce using rule 76 (binary_expr)]
    GREATER_EQUAL    [reduce using rule 76 (binary_expr)]
    LESS_EQUAL       [reduce using rule 76 (binary_expr)]
    GREATER          [reduce using rule 76 (binary_expr)]
    LESS             [reduce using rule 76 (binary_expr)]
    CONDITIONAL_AND  [reduce using rule 76 (binary_expr)]
    CONDITIONAL_OR   [reduce using rule 76 (binary_expr)]
    MODULO           [reduce using rule 76 (binary_expr)]
    $default         reduce using rule 76 (binary_expr)


state 140

   70 binary_expr: expr . ADD expr
   71            | expr . SUBTRACT expr
   72            | expr . MULTIPLY expr
   73            | expr . DIVIDE expr
   74            | expr . MODULO expr
   75            | expr . GREATER expr
   76            | expr . LESS expr
   77            | expr . GREATER_EQUAL expr
   78            | expr . LESS_EQUAL expr
   79            | expr . EQUALITY expr
   80            | expr . NOT_EQUAL expr
   81            | expr . CONDITIONAL_AND expr
   81            | expr CONDITIONAL_AND expr .
   82            | expr . CONDITIONAL_OR expr

    ADD              shift, and go to state 107
    SUBTRACT         shift, and go to state 108
    MULTIPLY         shift, and go to state 109
    DIVIDE           shift, and go to state 110
    EQUALITY         shift, and go to state 111
    NOT_EQUAL        shift, and go to state 112
    GREATER_EQUAL    shift, and go to state 113
    LESS_EQUAL       shift, and go to state 114
    GREATER          shift, and go to state 115
    LESS             shift, and go to state 116
    CONDITIONAL_AND  shift, and go to state 117
    CONDITIONAL_OR   shift, and go to state 118
    MODULO           shift, and go to state 119

    ADD              [reduce using rule 81 (binary_expr)]
    SUBTRACT         [reduce using rule 81 (binary_expr)]
    MULTIPLY         [reduce using rule 81 (binary_expr)]
    DIVIDE           [reduce using rule 81 (binary_expr)]
    EQUALITY         [reduce using rule 81 (binary_expr)]
    NOT_EQUAL        [reduce using rule 81 (binary_expr)]
    GREATER_EQUAL    [reduce using rule 81 (binary_expr)]
    LESS_EQUAL       [reduce using rule 81 (binary_expr)]
    GREATER          [reduce using rule 81 (binary_expr)]
    LESS             [reduce using rule 81 (binary_expr)]
    CONDITIONAL_AND  [reduce using rule 81 (binary_expr)]
    CONDITIONAL_OR   [reduce using rule 81 (binary_expr)]
    MODULO           [reduce using rule 81 (binary_expr)]
    $default         reduce using rule 81 (binary_expr)


state 141

   70 binary_expr: expr . ADD expr
   71            | expr . SUBTRACT expr
   72            | expr . MULTIPLY expr
   73            | expr . DIVIDE expr
   74            | expr . MODULO expr
   75            | expr . GREATER expr
   76            | expr . LESS expr
   77            | expr . GREATER_EQUAL expr
   78            | expr . LESS_EQUAL expr
   79            | expr . EQUALITY expr
   80            | expr . NOT_EQUAL expr
   81            | expr . CONDITIONAL_AND expr
   82            | expr . CONDITIONAL_OR expr
   82            | expr CONDITIONAL_OR expr .

    ADD              shift, and go to state 107
    SUBTRACT         shift, and go to state 108
    MULTIPLY         shift, and go to state 109
    DIVIDE           shift, and go to state 110
    EQUALITY         shift, and go to state 111
    NOT_EQUAL        shift, and go to state 112
    GREATER_EQUAL    shift, and go to state 113
    LESS_EQUAL       shift, and go to state 114
    GREATER          shift, and go to state 115
    LESS             shift, and go to state 116
    CONDITIONAL_AND  shift, and go to state 117
    CONDITIONAL_OR   shift, and go to state 118
    MODULO           shift, and go to state 119

    ADD              [reduce using rule 82 (binary_expr)]
    SUBTRACT         [reduce using rule 82 (binary_expr)]
    MULTIPLY         [reduce using rule 82 (binary_expr)]
    DIVIDE           [reduce using rule 82 (binary_expr)]
    EQUALITY         [reduce using rule 82 (binary_expr)]
    NOT_EQUAL        [reduce using rule 82 (binary_expr)]
    GREATER_EQUAL    [reduce using rule 82 (binary_expr)]
    LESS_EQUAL       [reduce using rule 82 (binary_expr)]
    GREATER          [reduce using rule 82 (binary_expr)]
    LESS             [reduce using rule 82 (binary_expr)]
    CONDITIONAL_AND  [reduce using rule 82 (binary_expr)]
    CONDITIONAL_OR   [reduce using rule 82 (binary_expr)]
    MODULO           [reduce using rule 82 (binary_expr)]
    $default         reduce using rule 82 (binary_expr)


state 142

   70 binary_expr: expr . ADD expr
   71            | expr . SUBTRACT expr
   72            | expr . MULTIPLY expr
   73            | expr . DIVIDE expr
   74            | expr . MODULO expr
   74            | expr MODULO expr .
   75            | expr . GREATER expr
   76            | expr . LESS expr
   77            | expr . GREATER_EQUAL expr
   78            | expr . LESS_EQUAL expr
   79            | expr . EQUALITY expr
   80            | expr . NOT_EQUAL expr
   81            | expr . CONDITIONAL_AND expr
   82            | expr . CONDITIONAL_OR expr

    ADD              shift, and go to state 107
    SUBTRACT         shift, and go to state 108
    MULTIPLY         shift, and go to state 109
    DIVIDE           shift, and go to state 110
    EQUALITY         shift, and go to state 111
    NOT_EQUAL        shift, and go to state 112
    GREATER_EQUAL    shift, and go to state 113
    LESS_EQUAL       shift, and go to state 114
    GREATER          shift, and go to state 115
    LESS             shift, and go to state 116
    CONDITIONAL_AND  shift, and go to state 117
    CONDITIONAL_OR   shift, and go to state 118
    MODULO           shift, and go to state 119

    ADD              [reduce using rule 74 (binary_expr)]
    SUBTRACT         [reduce using rule 74 (binary_expr)]
    MULTIPLY         [reduce using rule 74 (binary_expr)]
    DIVIDE           [reduce using rule 74 (binary_expr)]
    EQUALITY         [reduce using rule 74 (binary_expr)]
    NOT_EQUAL        [reduce using rule 74 (binary_expr)]
    GREATER_EQUAL    [reduce using rule 74 (binary_expr)]
    LESS_EQUAL       [reduce using rule 74 (binary_expr)]
    GREATER          [reduce using rule 74 (binary_expr)]
    LESS             [reduce using rule 74 (binary_expr)]
    CONDITIONAL_AND  [reduce using rule 74 (binary_expr)]
    CONDITIONAL_OR   [reduce using rule 74 (binary_expr)]
    MODULO           [reduce using rule 74 (binary_expr)]
    $default         reduce using rule 74 (binary_expr)


state 143

   42 for_statement: FOR ID EQUAL expr . COMMA expr code_block
   70 binary_expr: expr . ADD expr
   71            | expr . SUBTRACT expr
   72            | expr . MULTIPLY expr
   73            | expr . DIVIDE expr
   74            | expr . MODULO expr
   75            | expr . GREATER expr
   76            | expr . LESS expr
   77            | expr . GREATER_EQUAL expr
   78            | expr . LESS_EQUAL expr
   79            | expr . EQUALITY expr
   80            | expr . NOT_EQUAL expr
   81            | expr . CONDITIONAL_AND expr
   82            | expr . CONDITIONAL_OR expr

    ADD              shift, and go to state 107
    SUBTRACT         shift, and go to state 108
    MULTIPLY         shift, and go to state 109
    DIVIDE           shift, and go to state 110
    EQUALITY         shift, and go to state 111
    NOT_EQUAL        shift, and go to state 112
    GREATER_EQUAL    shift, and go to state 113
    LESS_EQUAL       shift, and go to state 114
    GREATER          shift, and go to state 115
    LESS             shift, and go to state 116
    CONDITIONAL_AND  shift, and go to state 117
    CONDITIONAL_OR   shift, and go to state 118
    MODULO           shift, and go to state 119
    COMMA            shift, and go to state 153


state 144

   39 if_statement: IF OPEN expr CLOSE . code_block else_statement

    CURLY_OPEN  shift, and go to state 40

    code_block  go to state 154


state 145

   38 location: ID SQUARE_OPEN expr SQUARE_CLOSE .

    $default  reduce using rule 38 (location)


state 146

   51 normal_call: ID OPEN method_call_args CLOSE .

    $default  reduce using rule 51 (normal_call)


state 147

   55 non_empty_method_call_args: non_empty_method_call_args COMMA . expr

    CALLOUT       shift, and go to state 53
    TRUE          shift, and go to state 75
    FALSE         shift, and go to state 76
    NUM           shift, and go to state 24
    HEX_LITERAL   shift, and go to state 25
    CHAR_LITERAL  shift, and go to state 77
    ID            shift, and go to state 59
    SUBTRACT      shift, and go to state 78
    NOT           shift, and go to state 79
    OPEN          shift, and go to state 80

    location       go to state 81
    method_call    go to state 83
    normal_call    go to state 69
    callout_call   go to state 70
    expr           go to state 155
    binary_expr    go to state 85
    enclosed_expr  go to state 86
    unary_expr     go to state 87
    char_literal   go to state 88
    int_literal    go to state 89
    bool_literal   go to state 90


state 148

   36 assign_statement: location assign_op expr SEMI_COLON .

    $default  reduce using rule 36 (assign_statement)


state 149

   57 callout_call: CALLOUT OPEN string_literal COMMA non_empty_callout_args . CLOSE
   59 non_empty_callout_args: non_empty_callout_args . COMMA callout_arg

    CLOSE  shift, and go to state 156
    COMMA  shift, and go to state 157


state 150

   58 non_empty_callout_args: callout_arg .

    $default  reduce using rule 58 (non_empty_callout_args)


state 151

   60 callout_arg: expr .
   70 binary_expr: expr . ADD expr
   71            | expr . SUBTRACT expr
   72            | expr . MULTIPLY expr
   73            | expr . DIVIDE expr
   74            | expr . MODULO expr
   75            | expr . GREATER expr
   76            | expr . LESS expr
   77            | expr . GREATER_EQUAL expr
   78            | expr . LESS_EQUAL expr
   79            | expr . EQUALITY expr
   80            | expr . NOT_EQUAL expr
   81            | expr . CONDITIONAL_AND expr
   82            | expr . CONDITIONAL_OR expr

    ADD              shift, and go to state 107
    SUBTRACT         shift, and go to state 108
    MULTIPLY         shift, and go to state 109
    DIVIDE           shift, and go to state 110
    EQUALITY         shift, and go to state 111
    NOT_EQUAL        shift, and go to state 112
    GREATER_EQUAL    shift, and go to state 113
    LESS_EQUAL       shift, and go to state 114
    GREATER          shift, and go to state 115
    LESS             shift, and go to state 116
    CONDITIONAL_AND  shift, and go to state 117
    CONDITIONAL_OR   shift, and go to state 118
    MODULO           shift, and go to state 119

    $default  reduce using rule 60 (callout_arg)


state 152

   61 callout_arg: string_literal .

    $default  reduce using rule 61 (callout_arg)


state 153

   42 for_statement: FOR ID EQUAL expr COMMA . expr code_block

    CALLOUT       shift, and go to state 53
    TRUE          shift, and go to state 75
    FALSE         shift, and go to state 76
    NUM           shift, and go to state 24
    HEX_LITERAL   shift, and go to state 25
    CHAR_LITERAL  shift, and go to state 77
    ID            shift, and go to state 59
    SUBTRACT      shift, and go to state 78
    NOT           shift, and go to state 79
    OPEN          shift, and go to state 80

    location       go to state 81
    method_call    go to state 83
    normal_call    go to state 69
    callout_call   go to state 70
    expr           go to state 158
    binary_expr    go to state 85
    enclosed_expr  go to state 86
    unary_expr     go to state 87
    char_literal   go to state 88
    int_literal    go to state 89
    bool_literal   go to state 90


state 154

   39 if_statement: IF OPEN expr CLOSE code_block . else_statement

    ELSE  shift, and go to state 159

    $default  reduce using rule 40 (else_statement)

    else_statement  go to state 160


state 155

   55 non_empty_method_call_args: non_empty_method_call_args COMMA expr .
   70 binary_expr: expr . ADD expr
   71            | expr . SUBTRACT expr
   72            | expr . MULTIPLY expr
   73            | expr . DIVIDE expr
   74            | expr . MODULO expr
   75            | expr . GREATER expr
   76            | expr . LESS expr
   77            | expr . GREATER_EQUAL expr
   78            | expr . LESS_EQUAL expr
   79            | expr . EQUALITY expr
   80            | expr . NOT_EQUAL expr
   81            | expr . CONDITIONAL_AND expr
   82            | expr . CONDITIONAL_OR expr

    ADD              shift, and go to state 107
    SUBTRACT         shift, and go to state 108
    MULTIPLY         shift, and go to state 109
    DIVIDE           shift, and go to state 110
    EQUALITY         shift, and go to state 111
    NOT_EQUAL        shift, and go to state 112
    GREATER_EQUAL    shift, and go to state 113
    LESS_EQUAL       shift, and go to state 114
    GREATER          shift, and go to state 115
    LESS             shift, and go to state 116
    CONDITIONAL_AND  shift, and go to state 117
    CONDITIONAL_OR   shift, and go to state 118
    MODULO           shift, and go to state 119

    $default  reduce using rule 55 (non_empty_method_call_args)


state 156

   57 callout_call: CALLOUT OPEN string_literal COMMA non_empty_callout_args CLOSE .

    $default  reduce using rule 57 (callout_call)


state 157

   59 non_empty_callout_args: non_empty_callout_args COMMA . callout_arg

    CALLOUT       shift, and go to state 53
    TRUE          shift, and go to state 75
    FALSE         shift, and go to state 76
    NUM           shift, and go to state 24
    HEX_LITERAL   shift, and go to state 25
    CHAR_LITERAL  shift, and go to state 77
    STRING        shift, and go to state 101
    ID            shift, and go to state 59
    SUBTRACT      shift, and go to state 78
    NOT           shift, and go to state 79
    OPEN          shift, and go to state 80

    location        go to state 81
    method_call     go to state 83
    normal_call     go to state 69
    callout_call    go to state 70
    callout_arg     go to state 161
    expr            go to state 151
    binary_expr     go to state 85
    enclosed_expr   go to state 86
    unary_expr      go to state 87
    char_literal    go to state 88
    int_literal     go to state 89
    bool_literal    go to state 90
    string_literal  go to state 152


state 158

   42 for_statement: FOR ID EQUAL expr COMMA expr . code_block
   70 binary_expr: expr . ADD expr
   71            | expr . SUBTRACT expr
   72            | expr . MULTIPLY expr
   73            | expr . DIVIDE expr
   74            | expr . MODULO expr
   75            | expr . GREATER expr
   76            | expr . LESS expr
   77            | expr . GREATER_EQUAL expr
   78            | expr . LESS_EQUAL expr
   79            | expr . EQUALITY expr
   80            | expr . NOT_EQUAL expr
   81            | expr . CONDITIONAL_AND expr
   82            | expr . CONDITIONAL_OR expr

    ADD              shift, and go to state 107
    SUBTRACT         shift, and go to state 108
    MULTIPLY         shift, and go to state 109
    DIVIDE           shift, and go to state 110
    EQUALITY         shift, and go to state 111
    NOT_EQUAL        shift, and go to state 112
    GREATER_EQUAL    shift, and go to state 113
    LESS_EQUAL       shift, and go to state 114
    GREATER          shift, and go to state 115
    LESS             shift, and go to state 116
    CONDITIONAL_AND  shift, and go to state 117
    CONDITIONAL_OR   shift, and go to state 118
    MODULO           shift, and go to state 119
    CURLY_OPEN       shift, and go to state 40

    code_block  go to state 162


state 159

   41 else_statement: ELSE . code_block

    CURLY_OPEN  shift, and go to state 40

    code_block  go to state 163


state 160

   39 if_statement: IF OPEN expr CLOSE code_block else_statement .

    $default  reduce using rule 39 (if_statement)


state 161

   59 non_empty_callout_args: non_empty_callout_args COMMA callout_arg .

    $default  reduce using rule 59 (non_empty_callout_args)


state 162

   42 for_statement: FOR ID EQUAL expr COMMA expr code_block .

    $default  reduce using rule 42 (for_statement)


state 163

   41 else_statement: ELSE code_block .

    $default  reduce using rule 41 (else_statement)
